2020-04-25 14:52:31,379 - Log4JLogChute initialized using file 'velocity.log'
2020-04-25 14:52:31,381 - Initializing Velocity, Calling init()...
2020-04-25 14:52:31,381 - Starting Apache Velocity v1.7 (compiled: 2010-11-19 12:14:37)
2020-04-25 14:52:31,381 - Default Properties File: org\apache\velocity\runtime\defaults\velocity.properties
2020-04-25 14:52:31,381 - Trying to use logger class org.apache.velocity.runtime.log.AvalonLogChute
2020-04-25 14:52:31,381 - Target log system for org.apache.velocity.runtime.log.AvalonLogChute is not available (java.lang.NoClassDefFoundError: org/apache/log/format/Formatter).  Falling back to next log system...
2020-04-25 14:52:31,381 - Trying to use logger class org.apache.velocity.runtime.log.Log4JLogChute
2020-04-25 14:52:31,381 - Using logger class org.apache.velocity.runtime.log.Log4JLogChute
2020-04-25 14:52:31,406 - ResourceLoader instantiated: org.apache.velocity.runtime.resource.loader.ClasspathResourceLoader
2020-04-25 14:52:31,454 - ResourceCache: initialized (class org.apache.velocity.runtime.resource.ResourceCacheImpl) with class java.util.Collections$SynchronizedMap cache map.
2020-04-25 14:52:31,456 - Loaded System Directive: org.apache.velocity.runtime.directive.Stop
2020-04-25 14:52:31,458 - Loaded System Directive: org.apache.velocity.runtime.directive.Define
2020-04-25 14:52:31,459 - Loaded System Directive: org.apache.velocity.runtime.directive.Break
2020-04-25 14:52:31,462 - Loaded System Directive: org.apache.velocity.runtime.directive.Evaluate
2020-04-25 14:52:31,463 - Loaded System Directive: org.apache.velocity.runtime.directive.Literal
2020-04-25 14:52:31,464 - Loaded System Directive: org.apache.velocity.runtime.directive.Macro
2020-04-25 14:52:31,466 - Loaded System Directive: org.apache.velocity.runtime.directive.Parse
2020-04-25 14:52:31,467 - Loaded System Directive: org.apache.velocity.runtime.directive.Include
2020-04-25 14:52:31,468 - Loaded System Directive: org.apache.velocity.runtime.directive.Foreach
2020-04-25 14:52:31,520 - Created '20' parsers.
2020-04-25 14:52:31,528 - Velocimacro : "velocimacro.library" is not set.  Trying default library: VM_global_library.vm
2020-04-25 14:52:31,529 - Could not load resource 'VM_global_library.vm' from ResourceLoader org.apache.velocity.runtime.resource.loader.ClasspathResourceLoader: ClasspathResourceLoader Error: cannot find resource VM_global_library.vm
2020-04-25 14:52:31,529 - Velocimacro : Default library not found.
2020-04-25 14:52:31,529 - Velocimacro : allowInline = true : VMs can be defined inline in templates
2020-04-25 14:52:31,529 - Velocimacro : allowInlineToOverride = false : VMs defined inline may NOT replace previous VM definitions
2020-04-25 14:52:31,529 - Velocimacro : allowInlineLocal = false : VMs defined inline will be global in scope if allowed.
2020-04-25 14:52:31,529 - Velocimacro : autoload off : VM system will not automatically reload global library macros
2020-04-25 14:52:31,582 - ResourceManager : found /templates/entity.java.vm with loader org.apache.velocity.runtime.resource.loader.ClasspathResourceLoader
2020-04-25 14:52:31,604 - Left side (${versionFieldName}) of '==' operation has null value. If it is a reference, it may not be in the context or its toString() returned null. /templates/entity.java.vm[line 76, column 26]
2020-04-25 14:52:31,605 - Left side (${logicDeleteFieldName}) of '==' operation has null value. If it is a reference, it may not be in the context or its toString() returned null. /templates/entity.java.vm[line 80, column 30]
2020-04-25 14:52:31,605 - Left side (${versionFieldName}) of '==' operation has null value. If it is a reference, it may not be in the context or its toString() returned null. /templates/entity.java.vm[line 76, column 26]
2020-04-25 14:52:31,605 - Left side (${logicDeleteFieldName}) of '==' operation has null value. If it is a reference, it may not be in the context or its toString() returned null. /templates/entity.java.vm[line 80, column 30]
2020-04-25 14:52:31,605 - Left side (${versionFieldName}) of '==' operation has null value. If it is a reference, it may not be in the context or its toString() returned null. /templates/entity.java.vm[line 76, column 26]
2020-04-25 14:52:31,605 - Left side (${logicDeleteFieldName}) of '==' operation has null value. If it is a reference, it may not be in the context or its toString() returned null. /templates/entity.java.vm[line 80, column 30]
2020-04-25 14:52:31,605 - Left side (${versionFieldName}) of '==' operation has null value. If it is a reference, it may not be in the context or its toString() returned null. /templates/entity.java.vm[line 76, column 26]
2020-04-25 14:52:31,606 - Left side (${logicDeleteFieldName}) of '==' operation has null value. If it is a reference, it may not be in the context or its toString() returned null. /templates/entity.java.vm[line 80, column 30]
2020-04-25 14:52:31,606 - Left side (${versionFieldName}) of '==' operation has null value. If it is a reference, it may not be in the context or its toString() returned null. /templates/entity.java.vm[line 76, column 26]
2020-04-25 14:52:31,606 - Left side (${logicDeleteFieldName}) of '==' operation has null value. If it is a reference, it may not be in the context or its toString() returned null. /templates/entity.java.vm[line 80, column 30]
2020-04-25 14:52:31,607 - Left side (${versionFieldName}) of '==' operation has null value. If it is a reference, it may not be in the context or its toString() returned null. /templates/entity.java.vm[line 76, column 26]
2020-04-25 14:52:31,607 - Left side (${logicDeleteFieldName}) of '==' operation has null value. If it is a reference, it may not be in the context or its toString() returned null. /templates/entity.java.vm[line 80, column 30]
2020-04-25 14:52:31,607 - Left side (${versionFieldName}) of '==' operation has null value. If it is a reference, it may not be in the context or its toString() returned null. /templates/entity.java.vm[line 76, column 26]
2020-04-25 14:52:31,607 - Left side (${logicDeleteFieldName}) of '==' operation has null value. If it is a reference, it may not be in the context or its toString() returned null. /templates/entity.java.vm[line 80, column 30]
2020-04-25 14:52:31,608 - Left side (${versionFieldName}) of '==' operation has null value. If it is a reference, it may not be in the context or its toString() returned null. /templates/entity.java.vm[line 76, column 26]
2020-04-25 14:52:31,608 - Left side (${logicDeleteFieldName}) of '==' operation has null value. If it is a reference, it may not be in the context or its toString() returned null. /templates/entity.java.vm[line 80, column 30]
2020-04-25 14:52:31,608 - Left side (${versionFieldName}) of '==' operation has null value. If it is a reference, it may not be in the context or its toString() returned null. /templates/entity.java.vm[line 76, column 26]
2020-04-25 14:52:31,608 - Left side (${logicDeleteFieldName}) of '==' operation has null value. If it is a reference, it may not be in the context or its toString() returned null. /templates/entity.java.vm[line 80, column 30]
2020-04-25 14:52:31,609 - Left side (${versionFieldName}) of '==' operation has null value. If it is a reference, it may not be in the context or its toString() returned null. /templates/entity.java.vm[line 76, column 26]
2020-04-25 14:52:31,609 - Left side (${logicDeleteFieldName}) of '==' operation has null value. If it is a reference, it may not be in the context or its toString() returned null. /templates/entity.java.vm[line 80, column 30]
2020-04-25 14:52:31,610 - Left side (${versionFieldName}) of '==' operation has null value. If it is a reference, it may not be in the context or its toString() returned null. /templates/entity.java.vm[line 76, column 26]
2020-04-25 14:52:31,610 - Left side (${logicDeleteFieldName}) of '==' operation has null value. If it is a reference, it may not be in the context or its toString() returned null. /templates/entity.java.vm[line 80, column 30]
2020-04-25 14:52:31,610 - Left side (${versionFieldName}) of '==' operation has null value. If it is a reference, it may not be in the context or its toString() returned null. /templates/entity.java.vm[line 76, column 26]
2020-04-25 14:52:31,610 - Left side (${logicDeleteFieldName}) of '==' operation has null value. If it is a reference, it may not be in the context or its toString() returned null. /templates/entity.java.vm[line 80, column 30]
2020-04-25 14:52:31,610 - Left side (${versionFieldName}) of '==' operation has null value. If it is a reference, it may not be in the context or its toString() returned null. /templates/entity.java.vm[line 76, column 26]
2020-04-25 14:52:31,610 - Left side (${logicDeleteFieldName}) of '==' operation has null value. If it is a reference, it may not be in the context or its toString() returned null. /templates/entity.java.vm[line 80, column 30]
2020-04-25 14:52:31,611 - Left side (${versionFieldName}) of '==' operation has null value. If it is a reference, it may not be in the context or its toString() returned null. /templates/entity.java.vm[line 76, column 26]
2020-04-25 14:52:31,611 - Left side (${logicDeleteFieldName}) of '==' operation has null value. If it is a reference, it may not be in the context or its toString() returned null. /templates/entity.java.vm[line 80, column 30]
2020-04-25 14:52:31,635 - ResourceManager : found /templates/mapper.java.vm with loader org.apache.velocity.runtime.resource.loader.ClasspathResourceLoader
2020-04-25 14:52:31,640 - ResourceManager : found /templates/mapper.xml.vm with loader org.apache.velocity.runtime.resource.loader.ClasspathResourceLoader
2020-04-25 14:52:31,643 - ResourceManager : found /templates/service.java.vm with loader org.apache.velocity.runtime.resource.loader.ClasspathResourceLoader
2020-04-25 14:52:31,655 - ResourceManager : found /templates/serviceImpl.java.vm with loader org.apache.velocity.runtime.resource.loader.ClasspathResourceLoader
2020-04-25 14:52:31,660 - ResourceManager : found /templates/controller.java.vm with loader org.apache.velocity.runtime.resource.loader.ClasspathResourceLoader
